{"/home/arjun/nodetest/src/entity/abstract-entity.ts": {"path":"/home/arjun/nodetest/src/entity/abstract-entity.ts","statementMap":{"0":{"start":{"line":1,"column":0},"end":{"line":1,"column":103}},"1":{"start":{"line":5,"column":2},"end":{"line":5,"column":null}},"2":{"start":{"line":7,"column":2},"end":{"line":7,"column":null}},"3":{"start":{"line":10,"column":2},"end":{"line":10,"column":null}},"4":{"start":{"line":13,"column":2},"end":{"line":13,"column":null}},"5":{"start":{"line":16,"column":0},"end":{"line":16,"column":30}}},"fnMap":{},"branchMap":{},"s":{"0":1,"1":1,"2":1,"3":1,"4":1,"5":1},"f":{},"b":{}}
,"/home/arjun/nodetest/src/entity/address.entity.ts": {"path":"/home/arjun/nodetest/src/entity/address.entity.ts","statementMap":{"0":{"start":{"line":1,"column":0},"end":{"line":1,"column":63}},"1":{"start":{"line":2,"column":0},"end":{"line":2,"column":47}},"2":{"start":{"line":3,"column":0},"end":{"line":3,"column":41}},"3":{"start":{"line":6,"column":0},"end":{"line":19,"column":null}},"4":{"start":{"line":8,"column":2},"end":{"line":8,"column":null}},"5":{"start":{"line":11,"column":2},"end":{"line":11,"column":null}},"6":{"start":{"line":15,"column":2},"end":{"line":15,"column":null}},"7":{"start":{"line":13,"column":18},"end":{"line":13,"column":26}},"8":{"start":{"line":13,"column":42},"end":{"line":13,"column":58}},"9":{"start":{"line":18,"column":2},"end":{"line":18,"column":null}},"10":{"start":{"line":6,"column":6},"end":{"line":19,"column":null}},"11":{"start":{"line":21,"column":0},"end":{"line":21,"column":23}}},"fnMap":{"0":{"name":"(anonymous_3)","decl":{"start":{"line":13,"column":12},"end":{"line":13,"column":15}},"loc":{"start":{"line":13,"column":18},"end":{"line":13,"column":26}}},"1":{"name":"(anonymous_4)","decl":{"start":{"line":13,"column":28},"end":{"line":13,"column":29}},"loc":{"start":{"line":13,"column":42},"end":{"line":13,"column":58}}}},"branchMap":{},"s":{"0":1,"1":1,"2":1,"3":1,"4":1,"5":1,"6":1,"7":0,"8":0,"9":1,"10":1,"11":1},"f":{"0":0,"1":0},"b":{}}
,"/home/arjun/nodetest/src/entity/employee.entity.ts": {"path":"/home/arjun/nodetest/src/entity/employee.entity.ts","statementMap":{"0":{"start":{"line":1,"column":0},"end":{"line":1,"column":51}},"1":{"start":{"line":2,"column":0},"end":{"line":2,"column":47}},"2":{"start":{"line":3,"column":0},"end":{"line":3,"column":39}},"3":{"start":{"line":4,"column":0},"end":{"line":4,"column":42}},"4":{"start":{"line":7,"column":0},"end":{"line":24,"column":null}},"5":{"start":{"line":9,"column":2},"end":{"line":9,"column":null}},"6":{"start":{"line":12,"column":2},"end":{"line":12,"column":null}},"7":{"start":{"line":17,"column":2},"end":{"line":17,"column":null}},"8":{"start":{"line":13,"column":18},"end":{"line":13,"column":25}},"9":{"start":{"line":13,"column":40},"end":{"line":13,"column":56}},"10":{"start":{"line":20,"column":2},"end":{"line":20,"column":null}},"11":{"start":{"line":23,"column":2},"end":{"line":23,"column":null}},"12":{"start":{"line":7,"column":6},"end":{"line":24,"column":null}},"13":{"start":{"line":26,"column":0},"end":{"line":26,"column":24}}},"fnMap":{"0":{"name":"(anonymous_3)","decl":{"start":{"line":13,"column":12},"end":{"line":13,"column":15}},"loc":{"start":{"line":13,"column":18},"end":{"line":13,"column":25}}},"1":{"name":"(anonymous_4)","decl":{"start":{"line":13,"column":27},"end":{"line":13,"column":28}},"loc":{"start":{"line":13,"column":40},"end":{"line":13,"column":56}}}},"branchMap":{},"s":{"0":1,"1":1,"2":1,"3":1,"4":1,"5":1,"6":1,"7":1,"8":0,"9":0,"10":1,"11":1,"12":1,"13":1},"f":{"0":0,"1":0},"b":{}}
,"/home/arjun/nodetest/src/excpetion/enitityNotFoundExcpetion.ts": {"path":"/home/arjun/nodetest/src/excpetion/enitityNotFoundExcpetion.ts","statementMap":{"0":{"start":{"line":1,"column":0},"end":{"line":1,"column":45}},"1":{"start":{"line":6,"column":8},"end":{"line":6,"column":33}},"2":{"start":{"line":10,"column":0},"end":{"line":10,"column":39}}},"fnMap":{"0":{"name":"(anonymous_1)","decl":{"start":{"line":5,"column":4},"end":{"line":5,"column":16}},"loc":{"start":{"line":5,"column":33},"end":{"line":7,"column":5}}}},"branchMap":{},"s":{"0":1,"1":1,"2":1},"f":{"0":1},"b":{}}
,"/home/arjun/nodetest/src/excpetion/http.exception.ts": {"path":"/home/arjun/nodetest/src/excpetion/http.exception.ts","statementMap":{"0":{"start":{"line":7,"column":8},"end":{"line":7,"column":22}},"1":{"start":{"line":8,"column":8},"end":{"line":8,"column":29}},"2":{"start":{"line":11,"column":0},"end":{"line":11,"column":29}}},"fnMap":{"0":{"name":"(anonymous_0)","decl":{"start":{"line":5,"column":4},"end":{"line":5,"column":16}},"loc":{"start":{"line":5,"column":43},"end":{"line":9,"column":5}}}},"branchMap":{},"s":{"0":1,"1":1,"2":1},"f":{"0":1},"b":{}}
,"/home/arjun/nodetest/src/excpetion/incorrectPasswordException.ts": {"path":"/home/arjun/nodetest/src/excpetion/incorrectPasswordException.ts","statementMap":{"0":{"start":{"line":2,"column":0},"end":{"line":2,"column":45}},"1":{"start":{"line":6,"column":8},"end":{"line":6,"column":33}},"2":{"start":{"line":10,"column":0},"end":{"line":10,"column":42}}},"fnMap":{"0":{"name":"(anonymous_1)","decl":{"start":{"line":5,"column":4},"end":{"line":5,"column":16}},"loc":{"start":{"line":5,"column":33},"end":{"line":7,"column":5}}}},"branchMap":{},"s":{"0":1,"1":0,"2":1},"f":{"0":0},"b":{}}
,"/home/arjun/nodetest/src/repository/employee.repository.ts": {"path":"/home/arjun/nodetest/src/repository/employee.repository.ts","statementMap":{"0":{"start":{"line":5,"column":22},"end":{"line":5,"column":54}},"1":{"start":{"line":7,"column":2},"end":{"line":9,"column":4}},"2":{"start":{"line":7,"column":41},"end":{"line":9,"column":4}},"3":{"start":{"line":8,"column":4},"end":{"line":8,"column":60}},"4":{"start":{"line":11,"column":2},"end":{"line":16,"column":4}},"5":{"start":{"line":11,"column":74},"end":{"line":16,"column":4}},"6":{"start":{"line":12,"column":4},"end":{"line":15,"column":7}},"7":{"start":{"line":17,"column":2},"end":{"line":19,"column":4}},"8":{"start":{"line":17,"column":57},"end":{"line":19,"column":4}},"9":{"start":{"line":18,"column":4},"end":{"line":18,"column":42}},"10":{"start":{"line":20,"column":2},"end":{"line":22,"column":4}},"11":{"start":{"line":20,"column":59},"end":{"line":22,"column":4}},"12":{"start":{"line":21,"column":4},"end":{"line":21,"column":47}},"13":{"start":{"line":23,"column":2},"end":{"line":25,"column":4}},"14":{"start":{"line":23,"column":68},"end":{"line":25,"column":4}},"15":{"start":{"line":24,"column":4},"end":{"line":24,"column":42}},"16":{"start":{"line":28,"column":0},"end":{"line":28,"column":34}}},"fnMap":{"0":{"name":"(anonymous_7)","decl":{"start":{"line":5,"column":2},"end":{"line":5,"column":22}},"loc":{"start":{"line":5,"column":54},"end":{"line":5,"column":58}}},"1":{"name":"(anonymous_8)","decl":{"start":{"line":7,"column":9},"end":{"line":7,"column":39}},"loc":{"start":{"line":7,"column":41},"end":{"line":9,"column":4}}},"2":{"name":"(anonymous_9)","decl":{"start":{"line":7,"column":41},"end":{"line":7,"column":null}},"loc":{"start":{"line":7,"column":41},"end":{"line":9,"column":3}}},"3":{"name":"(anonymous_10)","decl":{"start":{"line":11,"column":12},"end":{"line":11,"column":19}},"loc":{"start":{"line":11,"column":74},"end":{"line":16,"column":4}}},"4":{"name":"(anonymous_11)","decl":{"start":{"line":11,"column":74},"end":{"line":11,"column":null}},"loc":{"start":{"line":11,"column":74},"end":{"line":16,"column":3}}},"5":{"name":"(anonymous_12)","decl":{"start":{"line":17,"column":9},"end":{"line":17,"column":16}},"loc":{"start":{"line":17,"column":57},"end":{"line":19,"column":4}}},"6":{"name":"(anonymous_13)","decl":{"start":{"line":17,"column":57},"end":{"line":17,"column":null}},"loc":{"start":{"line":17,"column":57},"end":{"line":19,"column":3}}},"7":{"name":"(anonymous_14)","decl":{"start":{"line":20,"column":15},"end":{"line":20,"column":22}},"loc":{"start":{"line":20,"column":59},"end":{"line":22,"column":4}}},"8":{"name":"(anonymous_15)","decl":{"start":{"line":20,"column":59},"end":{"line":20,"column":null}},"loc":{"start":{"line":20,"column":59},"end":{"line":22,"column":3}}},"9":{"name":"(anonymous_16)","decl":{"start":{"line":23,"column":11},"end":{"line":23,"column":18}},"loc":{"start":{"line":23,"column":68},"end":{"line":25,"column":4}}},"10":{"name":"(anonymous_17)","decl":{"start":{"line":23,"column":68},"end":{"line":23,"column":null}},"loc":{"start":{"line":23,"column":68},"end":{"line":25,"column":3}}}},"branchMap":{},"s":{"0":1,"1":1,"2":0,"3":0,"4":1,"5":0,"6":0,"7":1,"8":0,"9":0,"10":1,"11":0,"12":0,"13":1,"14":0,"15":0,"16":1},"f":{"0":1,"1":0,"2":0,"3":0,"4":0,"5":0,"6":0,"7":0,"8":0,"9":0,"10":0},"b":{}}
,"/home/arjun/nodetest/src/service/employee.service.ts": {"path":"/home/arjun/nodetest/src/service/employee.service.ts","statementMap":{"0":{"start":{"line":1,"column":0},"end":{"line":1,"column":42}},"1":{"start":{"line":3,"column":0},"end":{"line":3,"column":47}},"2":{"start":{"line":4,"column":0},"end":{"line":4,"column":49}},"3":{"start":{"line":7,"column":0},"end":{"line":7,"column":28}},"4":{"start":{"line":8,"column":0},"end":{"line":8,"column":62}},"5":{"start":{"line":10,"column":0},"end":{"line":10,"column":63}},"6":{"start":{"line":11,"column":0},"end":{"line":11,"column":76}},"7":{"start":{"line":12,"column":0},"end":{"line":12,"column":81}},"8":{"start":{"line":14,"column":22},"end":{"line":14,"column":60}},"9":{"start":{"line":16,"column":2},"end":{"line":18,"column":4}},"10":{"start":{"line":17,"column":4},"end":{"line":17,"column":42}},"11":{"start":{"line":19,"column":2},"end":{"line":21,"column":4}},"12":{"start":{"line":19,"column":41},"end":{"line":21,"column":4}},"13":{"start":{"line":20,"column":4},"end":{"line":20,"column":51}},"14":{"start":{"line":22,"column":2},"end":{"line":42,"column":4}},"15":{"start":{"line":28,"column":25},"end":{"line":42,"column":4}},"16":{"start":{"line":29,"column":24},"end":{"line":29,"column":38}},"17":{"start":{"line":30,"column":4},"end":{"line":30,"column":30}},"18":{"start":{"line":31,"column":4},"end":{"line":31,"column":28}},"19":{"start":{"line":32,"column":4},"end":{"line":32,"column":75}},"20":{"start":{"line":33,"column":4},"end":{"line":33,"column":28}},"21":{"start":{"line":35,"column":23},"end":{"line":35,"column":36}},"22":{"start":{"line":36,"column":4},"end":{"line":36,"column":37}},"23":{"start":{"line":37,"column":4},"end":{"line":37,"column":41}},"24":{"start":{"line":39,"column":4},"end":{"line":39,"column":37}},"25":{"start":{"line":41,"column":4},"end":{"line":41,"column":53}},"26":{"start":{"line":43,"column":2},"end":{"line":46,"column":4}},"27":{"start":{"line":43,"column":55},"end":{"line":46,"column":4}},"28":{"start":{"line":44,"column":21},"end":{"line":44,"column":51}},"29":{"start":{"line":45,"column":4},"end":{"line":45,"column":55}},"30":{"start":{"line":47,"column":2},"end":{"line":50,"column":4}},"31":{"start":{"line":47,"column":67},"end":{"line":50,"column":4}},"32":{"start":{"line":48,"column":4},"end":{"line":48,"column":65}},"33":{"start":{"line":49,"column":4},"end":{"line":49,"column":52}},"34":{"start":{"line":52,"column":2},"end":{"line":71,"column":4}},"35":{"start":{"line":52,"column":60},"end":{"line":71,"column":4}},"36":{"start":{"line":53,"column":21},"end":{"line":53,"column":69}},"37":{"start":{"line":54,"column":4},"end":{"line":56,"column":5}},"38":{"start":{"line":55,"column":6},"end":{"line":55,"column":78}},"39":{"start":{"line":57,"column":19},"end":{"line":57,"column":68}},"40":{"start":{"line":58,"column":4},"end":{"line":60,"column":5}},"41":{"start":{"line":59,"column":6},"end":{"line":59,"column":74}},"42":{"start":{"line":62,"column":32},"end":{"line":66,"column":6}},"43":{"start":{"line":67,"column":18},"end":{"line":69,"column":6}},"44":{"start":{"line":70,"column":4},"end":{"line":70,"column":17}},"45":{"start":{"line":74,"column":0},"end":{"line":74,"column":31}}},"fnMap":{"0":{"name":"(anonymous_8)","decl":{"start":{"line":14,"column":2},"end":{"line":14,"column":22}},"loc":{"start":{"line":14,"column":60},"end":{"line":14,"column":64}}},"1":{"name":"(anonymous_9)","decl":{"start":{"line":16,"column":20},"end":{"line":16,"column":44}},"loc":{"start":{"line":16,"column":46},"end":{"line":18,"column":3}}},"2":{"name":"(anonymous_10)","decl":{"start":{"line":19,"column":20},"end":{"line":19,"column":27}},"loc":{"start":{"line":19,"column":41},"end":{"line":21,"column":4}}},"3":{"name":"(anonymous_11)","decl":{"start":{"line":19,"column":41},"end":{"line":19,"column":null}},"loc":{"start":{"line":19,"column":41},"end":{"line":21,"column":3}}},"4":{"name":"(anonymous_12)","decl":{"start":{"line":22,"column":19},"end":{"line":22,"column":null}},"loc":{"start":{"line":28,"column":25},"end":{"line":42,"column":4}}},"5":{"name":"(anonymous_13)","decl":{"start":{"line":28,"column":25},"end":{"line":28,"column":null}},"loc":{"start":{"line":28,"column":25},"end":{"line":42,"column":3}}},"6":{"name":"(anonymous_14)","decl":{"start":{"line":43,"column":19},"end":{"line":43,"column":26}},"loc":{"start":{"line":43,"column":55},"end":{"line":46,"column":4}}},"7":{"name":"(anonymous_15)","decl":{"start":{"line":43,"column":55},"end":{"line":43,"column":null}},"loc":{"start":{"line":43,"column":55},"end":{"line":46,"column":3}}},"8":{"name":"(anonymous_16)","decl":{"start":{"line":47,"column":19},"end":{"line":47,"column":26}},"loc":{"start":{"line":47,"column":67},"end":{"line":50,"column":4}}},"9":{"name":"(anonymous_17)","decl":{"start":{"line":47,"column":67},"end":{"line":47,"column":null}},"loc":{"start":{"line":47,"column":67},"end":{"line":50,"column":3}}},"10":{"name":"(anonymous_18)","decl":{"start":{"line":52,"column":18},"end":{"line":52,"column":25}},"loc":{"start":{"line":52,"column":60},"end":{"line":71,"column":4}}},"11":{"name":"(anonymous_19)","decl":{"start":{"line":52,"column":60},"end":{"line":52,"column":null}},"loc":{"start":{"line":52,"column":60},"end":{"line":71,"column":3}}}},"branchMap":{"0":{"loc":{"start":{"line":32,"column":27},"end":{"line":32,"column":74}},"type":"cond-expr","locations":[{"start":{"line":32,"column":38},"end":{"line":32,"column":69}},{"start":{"line":32,"column":72},"end":{"line":32,"column":74}}]},"1":{"loc":{"start":{"line":54,"column":4},"end":{"line":56,"column":5}},"type":"if","locations":[{"start":{"line":54,"column":4},"end":{"line":56,"column":5}}]},"2":{"loc":{"start":{"line":58,"column":4},"end":{"line":60,"column":5}},"type":"if","locations":[{"start":{"line":58,"column":4},"end":{"line":60,"column":5}}]}},"s":{"0":1,"1":1,"2":1,"3":1,"4":1,"5":1,"6":1,"7":1,"8":1,"9":1,"10":1,"11":1,"12":3,"13":3,"14":1,"15":0,"16":0,"17":0,"18":0,"19":0,"20":0,"21":0,"22":0,"23":0,"24":0,"25":0,"26":1,"27":2,"28":2,"29":2,"30":1,"31":0,"32":0,"33":0,"34":1,"35":1,"36":1,"37":1,"38":1,"39":0,"40":0,"41":0,"42":0,"43":0,"44":0,"45":1},"f":{"0":1,"1":1,"2":3,"3":3,"4":0,"5":0,"6":2,"7":2,"8":0,"9":0,"10":1,"11":1},"b":{"0":[0,0],"1":[1],"2":[0]}}
,"/home/arjun/nodetest/src/utils/constants.ts": {"path":"/home/arjun/nodetest/src/utils/constants.ts","statementMap":{"0":{"start":{"line":1,"column":13},"end":{"line":1,"column":null}},"1":{"start":{"line":2,"column":13},"end":{"line":2,"column":null}}},"fnMap":{},"branchMap":{},"s":{"0":1,"1":1},"f":{},"b":{}}
,"/home/arjun/nodetest/src/utils/error.codes.ts": {"path":"/home/arjun/nodetest/src/utils/error.codes.ts","statementMap":{"0":{"start":{"line":1,"column":13},"end":{"line":14,"column":null}}},"fnMap":{},"branchMap":{},"s":{"0":1},"f":{},"b":{}}
,"/home/arjun/nodetest/src/utils/fizz.util.ts": {"path":"/home/arjun/nodetest/src/utils/fizz.util.ts","statementMap":{"0":{"start":{"line":2,"column":2},"end":{"line":7,"column":4}},"1":{"start":{"line":3,"column":4},"end":{"line":6,"column":20}},"2":{"start":{"line":3,"column":38},"end":{"line":3,"column":56}},"3":{"start":{"line":4,"column":9},"end":{"line":6,"column":20}},"4":{"start":{"line":4,"column":27},"end":{"line":4,"column":41}},"5":{"start":{"line":5,"column":9},"end":{"line":6,"column":20}},"6":{"start":{"line":5,"column":27},"end":{"line":5,"column":41}},"7":{"start":{"line":6,"column":9},"end":{"line":6,"column":20}},"8":{"start":{"line":9,"column":0},"end":{"line":9,"column":24}}},"fnMap":{"0":{"name":"(anonymous_0)","decl":{"start":{"line":1,"column":0},"end":{"line":1,"column":6}},"loc":{"start":{"line":1,"column":0},"end":{"line":8,"column":1}}},"1":{"name":"(anonymous_1)","decl":{"start":{"line":2,"column":13},"end":{"line":2,"column":14}},"loc":{"start":{"line":2,"column":46},"end":{"line":7,"column":3}}}},"branchMap":{"0":{"loc":{"start":{"line":3,"column":4},"end":{"line":6,"column":20}},"type":"if","locations":[{"start":{"line":3,"column":4},"end":{"line":6,"column":20}},{"start":{"line":4,"column":9},"end":{"line":6,"column":20}}]},"1":{"loc":{"start":{"line":3,"column":8},"end":{"line":3,"column":36}},"type":"binary-expr","locations":[{"start":{"line":3,"column":8},"end":{"line":3,"column":20}},{"start":{"line":3,"column":24},"end":{"line":3,"column":36}}]},"2":{"loc":{"start":{"line":4,"column":9},"end":{"line":6,"column":20}},"type":"if","locations":[{"start":{"line":4,"column":9},"end":{"line":6,"column":20}},{"start":{"line":5,"column":9},"end":{"line":6,"column":20}}]},"3":{"loc":{"start":{"line":5,"column":9},"end":{"line":6,"column":20}},"type":"if","locations":[{"start":{"line":5,"column":9},"end":{"line":6,"column":20}},{"start":{"line":6,"column":9},"end":{"line":6,"column":20}}]}},"s":{"0":4,"1":4,"2":1,"3":3,"4":1,"5":2,"6":1,"7":1,"8":1},"f":{"0":4,"1":4},"b":{"0":[1,3],"1":[4,2],"2":[1,2],"3":[1,1]}}
,"/home/arjun/nodetest/src/utils/role.enum.ts": {"path":"/home/arjun/nodetest/src/utils/role.enum.ts","statementMap":{"0":{"start":{"line":1,"column":0},"end":{"line":1,"column":null}},"1":{"start":{"line":2,"column":2},"end":{"line":2,"column":null}},"2":{"start":{"line":3,"column":2},"end":{"line":3,"column":null}},"3":{"start":{"line":4,"column":2},"end":{"line":4,"column":null}},"4":{"start":{"line":5,"column":2},"end":{"line":5,"column":null}}},"fnMap":{"0":{"name":"(anonymous_0)","decl":{"start":{"line":1,"column":0},"end":{"line":1,"column":12}},"loc":{"start":{"line":1,"column":16},"end":{"line":6,"column":1}}}},"branchMap":{"0":{"loc":{"start":{"line":1,"column":12},"end":{"line":1,"column":null}},"type":"binary-expr","locations":[{"start":{"line":1,"column":12},"end":{"line":1,"column":16}},{"start":{"line":1,"column":16},"end":{"line":1,"column":null}}]}},"s":{"0":1,"1":1,"2":1,"3":1,"4":1},"f":{"0":1},"b":{"0":[1,1]}}
}
