TN:
SF:src/entity/abstract-entity.ts
FNF:0
FNH:0
DA:1,1
DA:5,1
DA:7,1
DA:10,1
DA:13,1
DA:16,1
LF:6
LH:6
BRF:0
BRH:0
end_of_record
TN:
SF:src/entity/address.entity.ts
FN:13,(anonymous_3)
FN:13,(anonymous_4)
FNF:2
FNH:0
FNDA:0,(anonymous_3)
FNDA:0,(anonymous_4)
DA:1,1
DA:2,1
DA:3,1
DA:6,1
DA:8,1
DA:11,1
DA:13,0
DA:15,1
DA:18,1
DA:21,1
LF:10
LH:9
BRF:0
BRH:0
end_of_record
TN:
SF:src/entity/employee.entity.ts
FN:13,(anonymous_3)
FN:13,(anonymous_4)
FNF:2
FNH:0
FNDA:0,(anonymous_3)
FNDA:0,(anonymous_4)
DA:1,1
DA:2,1
DA:3,1
DA:4,1
DA:7,1
DA:9,1
DA:12,1
DA:13,0
DA:17,1
DA:20,1
DA:23,1
DA:26,1
LF:12
LH:11
BRF:0
BRH:0
end_of_record
TN:
SF:src/excpetion/enitityNotFoundExcpetion.ts
FN:5,(anonymous_1)
FNF:1
FNH:1
FNDA:1,(anonymous_1)
DA:1,1
DA:6,1
DA:10,1
LF:3
LH:3
BRF:0
BRH:0
end_of_record
TN:
SF:src/excpetion/http.exception.ts
FN:5,(anonymous_0)
FNF:1
FNH:1
FNDA:1,(anonymous_0)
DA:7,1
DA:8,1
DA:11,1
LF:3
LH:3
BRF:0
BRH:0
end_of_record
TN:
SF:src/excpetion/incorrectPasswordException.ts
FN:5,(anonymous_1)
FNF:1
FNH:0
FNDA:0,(anonymous_1)
DA:2,1
DA:6,0
DA:10,1
LF:3
LH:2
BRF:0
BRH:0
end_of_record
TN:
SF:src/repository/employee.repository.ts
FN:5,(anonymous_7)
FN:7,(anonymous_8)
FN:7,(anonymous_9)
FN:11,(anonymous_10)
FN:11,(anonymous_11)
FN:17,(anonymous_12)
FN:17,(anonymous_13)
FN:20,(anonymous_14)
FN:20,(anonymous_15)
FN:23,(anonymous_16)
FN:23,(anonymous_17)
FNF:11
FNH:1
FNDA:1,(anonymous_7)
FNDA:0,(anonymous_8)
FNDA:0,(anonymous_9)
FNDA:0,(anonymous_10)
FNDA:0,(anonymous_11)
FNDA:0,(anonymous_12)
FNDA:0,(anonymous_13)
FNDA:0,(anonymous_14)
FNDA:0,(anonymous_15)
FNDA:0,(anonymous_16)
FNDA:0,(anonymous_17)
DA:5,1
DA:7,1
DA:8,0
DA:11,1
DA:12,0
DA:17,1
DA:18,0
DA:20,1
DA:21,0
DA:23,1
DA:24,0
DA:28,1
LF:12
LH:7
BRF:0
BRH:0
end_of_record
TN:
SF:src/service/employee.service.ts
FN:14,(anonymous_8)
FN:16,(anonymous_9)
FN:19,(anonymous_10)
FN:19,(anonymous_11)
FN:22,(anonymous_12)
FN:28,(anonymous_13)
FN:43,(anonymous_14)
FN:43,(anonymous_15)
FN:47,(anonymous_16)
FN:47,(anonymous_17)
FN:52,(anonymous_18)
FN:52,(anonymous_19)
FNF:12
FNH:8
FNDA:1,(anonymous_8)
FNDA:1,(anonymous_9)
FNDA:3,(anonymous_10)
FNDA:3,(anonymous_11)
FNDA:0,(anonymous_12)
FNDA:0,(anonymous_13)
FNDA:2,(anonymous_14)
FNDA:2,(anonymous_15)
FNDA:0,(anonymous_16)
FNDA:0,(anonymous_17)
FNDA:1,(anonymous_18)
FNDA:1,(anonymous_19)
DA:1,1
DA:3,1
DA:4,1
DA:7,1
DA:8,1
DA:10,1
DA:11,1
DA:12,1
DA:14,1
DA:16,1
DA:17,1
DA:19,3
DA:20,3
DA:22,1
DA:28,0
DA:29,0
DA:30,0
DA:31,0
DA:32,0
DA:33,0
DA:35,0
DA:36,0
DA:37,0
DA:39,0
DA:41,0
DA:43,2
DA:44,2
DA:45,2
DA:47,1
DA:48,0
DA:49,0
DA:52,1
DA:53,1
DA:54,1
DA:55,1
DA:57,0
DA:58,0
DA:59,0
DA:62,0
DA:67,0
DA:70,0
DA:74,1
LF:42
LH:23
BRDA:32,0,0,0
BRDA:32,0,1,0
BRDA:54,1,0,1
BRDA:58,2,0,0
BRF:4
BRH:1
end_of_record
TN:
SF:src/utils/constants.ts
FNF:0
FNH:0
DA:1,1
DA:2,1
LF:2
LH:2
BRF:0
BRH:0
end_of_record
TN:
SF:src/utils/error.codes.ts
FNF:0
FNH:0
DA:1,1
LF:1
LH:1
BRF:0
BRH:0
end_of_record
TN:
SF:src/utils/fizz.util.ts
FN:1,(anonymous_0)
FN:2,(anonymous_1)
FNF:2
FNH:2
FNDA:4,(anonymous_0)
FNDA:4,(anonymous_1)
DA:2,4
DA:3,4
DA:4,3
DA:5,2
DA:6,1
DA:9,1
LF:6
LH:6
BRDA:3,0,0,1
BRDA:3,0,1,3
BRDA:3,1,0,4
BRDA:3,1,1,2
BRDA:4,2,0,1
BRDA:4,2,1,2
BRDA:5,3,0,1
BRDA:5,3,1,1
BRF:8
BRH:8
end_of_record
TN:
SF:src/utils/role.enum.ts
FN:1,(anonymous_0)
FNF:1
FNH:1
FNDA:1,(anonymous_0)
DA:1,1
DA:2,1
DA:3,1
DA:4,1
DA:5,1
LF:5
LH:5
BRDA:1,0,0,1
BRDA:1,0,1,1
BRF:2
BRH:2
end_of_record
